<?xml version="1.0" encoding="UTF-8"?>
<!-- Generated by org.testng.reporters.JUnitXMLReporter -->
<testsuite ignored="0" hostname="DESKTOP-DMG7OKT" failures="0" tests="21" name="Surefire test" time="60.929" errors="0" timestamp="2026-05-19T01:39:57 EEST">
  <testcase classname="com.SauceDemo.Swanglabs.TestCase.CartTest" name="continueShoppingNavigationTest" time="8.327"/>
  <testcase classname="com.SauceDemo.Swanglabs.TestCase.CartTest" name="navigateToCheckoutTest" time="7.927"/>
  <testcase classname="com.SauceDemo.Swanglabs.TestCase.CartTest" name="removeProductFromCartTestAndVerifyCartIsEmpty" time="8.645"/>
  <testcase classname="com.SauceDemo.Swanglabs.TestCase.CartTest" name="verifyMultipleProductsAddedToCartByNames" time="2.619"/>
  <testcase classname="com.SauceDemo.Swanglabs.TestCase.CartTest" name="verifyMultipleProductsAddedToCartAsNumbers" time="3.421"/>
  <testcase classname="com.SauceDemo.Swanglabs.TestCase.CheckoutTest" name="checkoutMandatoryFieldsTest" time="3.13"/>
  <testcase classname="com.SauceDemo.Swanglabs.TestCase.inventoryTest" name="AddSpecificItemsToCart" time="0.008"/>
  <testcase classname="com.SauceDemo.Swanglabs.TestCase.inventoryTest" name="AddToCartSuccessfully" time="2.428"/>
  <testcase classname="com.SauceDemo.Swanglabs.TestCase.CheckoutTest" name="successfulCheckoutFlow" time="7.843"/>
  <testcase classname="com.SauceDemo.Swanglabs.TestCase.EndToEndTest" name="endToEthPurchaseTest" time="6.98"/>
  <testcase classname="com.SauceDemo.Swanglabs.TestCase.inventoryTest" name="verifyBackFromDetailReturnsToInventory" time="3.186"/>
  <testcase classname="com.SauceDemo.Swanglabs.TestCase.inventoryTest" name="verifyCartIconNavigatesToCartPage" time="2.541"/>
  <testcase classname="com.SauceDemo.Swanglabs.TestCase.inventoryTest" name="verifyClickProductImageNavigatesToDetailPage" time="3.263"/>
  <testcase classname="com.SauceDemo.Swanglabs.TestCase.inventoryTest" name="verifyClickProductNameNavigatesToDetailPage" time="8.446"/>
  <testcase classname="com.SauceDemo.Swanglabs.TestCase.ProductTest" name="ClickOnProductAndVerifyIfItTheSameProduct" time="6.236"/>
  <testcase classname="com.SauceDemo.Swanglabs.TestCase.LoginTest" name="loginTest" time="8.916"/>
  <testcase classname="com.SauceDemo.Swanglabs.TestCase.RestAssuredTest" name="shouldLoginUsingCookies" time="7.167"/>
  <testcase classname="com.SauceDemo.Swanglabs.TestCase.LoginTest" name="loginTest" time="4.495"/>
  <testcase classname="com.SauceDemo.Swanglabs.TestCase.LoginTest" name="loginTest" time="1.467"/>
  <testcase classname="com.SauceDemo.Swanglabs.TestCase.LoginTest" name="loginTest" time="1.483"/>
  <testcase classname="com.SauceDemo.Swanglabs.TestCase.LoginTest" name="loginTest" time="1.412"/>
</testsuite> <!-- Surefire test -->
