<?xml version="1.0" encoding="UTF-8"?>
<testng-results ignored="0" total="21" passed="21" failed="0" skipped="0">
  <reporter-output>
  </reporter-output>
  <suite started-at="2026-05-19T01:38:56 EEST" name="Surefire suite" finished-at="2026-05-19T01:39:57 EEST" duration-ms="60929">
    <groups>
    </groups>
    <test started-at="2026-05-19T01:38:56 EEST" name="Surefire test" finished-at="2026-05-19T01:39:57 EEST" duration-ms="60929">
      <class name="com.SauceDemo.Swanglabs.TestCase.EndToEndTest">
        <test-method is-config="true" signature="setUp()[pri:0, instance:com.SauceDemo.Swanglabs.TestCase.EndToEndTest@7f8633ae]" started-at="2026-05-19T01:39:15 EEST" name="setUp" finished-at="2026-05-19T01:39:18 EEST" duration-ms="3054" status="PASS">
          <reporter-output>
          </reporter-output>
        </test-method> <!-- setUp -->
        <test-method signature="endToEthPurchaseTest()[pri:0, instance:com.SauceDemo.Swanglabs.TestCase.EndToEndTest@7f8633ae]" started-at="2026-05-19T01:39:18 EEST" name="endToEthPurchaseTest" finished-at="2026-05-19T01:39:25 EEST" duration-ms="6980" status="PASS">
          <reporter-output>
          </reporter-output>
        </test-method> <!-- endToEthPurchaseTest -->
        <test-method is-config="true" signature="tearDown(org.testng.ITestResult)[pri:0, instance:com.SauceDemo.Swanglabs.TestCase.EndToEndTest@7f8633ae]" started-at="2026-05-19T01:39:25 EEST" name="tearDown" finished-at="2026-05-19T01:39:27 EEST" duration-ms="1862" status="PASS">
          <params>
            <param index="0">
              <value>
                <![CDATA[[TestResult name=endToEthPurchaseTest status=SUCCESS method=EndToEndTest.endToEthPurchaseTest()[pri:0, instance:com.SauceDemo.Swanglabs.TestCase.EndToEndTest@7f8633ae] output={null}]]]>
              </value>
            </param>
          </params>
          <reporter-output>
          </reporter-output>
        </test-method> <!-- tearDown -->
      </class> <!-- com.SauceDemo.Swanglabs.TestCase.EndToEndTest -->
      <class name="com.SauceDemo.Swanglabs.TestCase.CartTest">
        <test-method is-config="true" signature="setUp()[pri:0, instance:com.SauceDemo.Swanglabs.TestCase.CartTest@3f4b840d]" started-at="2026-05-19T01:38:56 EEST" name="setUp" finished-at="2026-05-19T01:39:01 EEST" duration-ms="4917" status="PASS">
          <reporter-output>
          </reporter-output>
        </test-method> <!-- setUp -->
        <test-method is-config="true" signature="setUp()[pri:0, instance:com.SauceDemo.Swanglabs.TestCase.CartTest@3f4b840d]" started-at="2026-05-19T01:38:56 EEST" name="setUp" finished-at="2026-05-19T01:39:00 EEST" duration-ms="4404" status="PASS">
          <reporter-output>
          </reporter-output>
        </test-method> <!-- setUp -->
        <test-method is-config="true" signature="setUp()[pri:0, instance:com.SauceDemo.Swanglabs.TestCase.CartTest@3f4b840d]" started-at="2026-05-19T01:38:56 EEST" name="setUp" finished-at="2026-05-19T01:39:00 EEST" duration-ms="4405" status="PASS">
          <reporter-output>
          </reporter-output>
        </test-method> <!-- setUp -->
        <test-method signature="removeProductFromCartTestAndVerifyCartIsEmpty()[pri:0, instance:com.SauceDemo.Swanglabs.TestCase.CartTest@3f4b840d]" started-at="2026-05-19T01:39:01 EEST" name="removeProductFromCartTestAndVerifyCartIsEmpty" finished-at="2026-05-19T01:39:09 EEST" duration-ms="8645" status="PASS">
          <reporter-output>
          </reporter-output>
        </test-method> <!-- removeProductFromCartTestAndVerifyCartIsEmpty -->
        <test-method signature="continueShoppingNavigationTest()[pri:0, instance:com.SauceDemo.Swanglabs.TestCase.CartTest@3f4b840d]" started-at="2026-05-19T01:39:01 EEST" name="continueShoppingNavigationTest" finished-at="2026-05-19T01:39:09 EEST" duration-ms="8327" status="PASS">
          <reporter-output>
          </reporter-output>
        </test-method> <!-- continueShoppingNavigationTest -->
        <test-method signature="navigateToCheckoutTest()[pri:0, instance:com.SauceDemo.Swanglabs.TestCase.CartTest@3f4b840d]" started-at="2026-05-19T01:39:01 EEST" name="navigateToCheckoutTest" finished-at="2026-05-19T01:39:09 EEST" duration-ms="7927" status="PASS">
          <reporter-output>
          </reporter-output>
        </test-method> <!-- navigateToCheckoutTest -->
        <test-method is-config="true" signature="tearDown(org.testng.ITestResult)[pri:0, instance:com.SauceDemo.Swanglabs.TestCase.CartTest@3f4b840d]" started-at="2026-05-19T01:39:09 EEST" name="tearDown" finished-at="2026-05-19T01:39:09 EEST" duration-ms="255" status="PASS">
          <params>
            <param index="0">
              <value>
                <![CDATA[[TestResult name=continueShoppingNavigationTest status=SUCCESS method=CartTest.continueShoppingNavigationTest()[pri:0, instance:com.SauceDemo.Swanglabs.TestCase.CartTest@3f4b840d] output={null}]]]>
              </value>
            </param>
          </params>
          <reporter-output>
          </reporter-output>
        </test-method> <!-- tearDown -->
        <test-method is-config="true" signature="tearDown(org.testng.ITestResult)[pri:0, instance:com.SauceDemo.Swanglabs.TestCase.CartTest@3f4b840d]" started-at="2026-05-19T01:39:09 EEST" name="tearDown" finished-at="2026-05-19T01:39:09 EEST" duration-ms="208" status="PASS">
          <params>
            <param index="0">
              <value>
                <![CDATA[[TestResult name=navigateToCheckoutTest status=SUCCESS method=CartTest.navigateToCheckoutTest()[pri:0, instance:com.SauceDemo.Swanglabs.TestCase.CartTest@3f4b840d] output={null}]]]>
              </value>
            </param>
          </params>
          <reporter-output>
          </reporter-output>
        </test-method> <!-- tearDown -->
        <test-method is-config="true" signature="setUp()[pri:0, instance:com.SauceDemo.Swanglabs.TestCase.CartTest@3f4b840d]" started-at="2026-05-19T01:39:09 EEST" name="setUp" finished-at="2026-05-19T01:39:12 EEST" duration-ms="2500" status="PASS">
          <reporter-output>
          </reporter-output>
        </test-method> <!-- setUp -->
        <test-method is-config="true" signature="tearDown(org.testng.ITestResult)[pri:0, instance:com.SauceDemo.Swanglabs.TestCase.CartTest@3f4b840d]" started-at="2026-05-19T01:39:09 EEST" name="tearDown" finished-at="2026-05-19T01:39:10 EEST" duration-ms="665" status="PASS">
          <params>
            <param index="0">
              <value>
                <![CDATA[[TestResult name=removeProductFromCartTestAndVerifyCartIsEmpty status=SUCCESS method=CartTest.removeProductFromCartTestAndVerifyCartIsEmpty()[pri:0, instance:com.SauceDemo.Swanglabs.TestCase.CartTest@3f4b840d] output={null}]]]>
              </value>
            </param>
          </params>
          <reporter-output>
          </reporter-output>
        </test-method> <!-- tearDown -->
        <test-method is-config="true" signature="setUp()[pri:0, instance:com.SauceDemo.Swanglabs.TestCase.CartTest@3f4b840d]" started-at="2026-05-19T01:39:09 EEST" name="setUp" finished-at="2026-05-19T01:39:12 EEST" duration-ms="2531" status="PASS">
          <reporter-output>
          </reporter-output>
        </test-method> <!-- setUp -->
        <test-method signature="verifyMultipleProductsAddedToCartAsNumbers()[pri:0, instance:com.SauceDemo.Swanglabs.TestCase.CartTest@3f4b840d]" started-at="2026-05-19T01:39:12 EEST" name="verifyMultipleProductsAddedToCartAsNumbers" finished-at="2026-05-19T01:39:15 EEST" duration-ms="3421" status="PASS">
          <reporter-output>
          </reporter-output>
        </test-method> <!-- verifyMultipleProductsAddedToCartAsNumbers -->
        <test-method signature="verifyMultipleProductsAddedToCartByNames()[pri:0, instance:com.SauceDemo.Swanglabs.TestCase.CartTest@3f4b840d]" started-at="2026-05-19T01:39:12 EEST" name="verifyMultipleProductsAddedToCartByNames" finished-at="2026-05-19T01:39:14 EEST" duration-ms="2619" status="PASS">
          <reporter-output>
          </reporter-output>
        </test-method> <!-- verifyMultipleProductsAddedToCartByNames -->
        <test-method is-config="true" signature="tearDown(org.testng.ITestResult)[pri:0, instance:com.SauceDemo.Swanglabs.TestCase.CartTest@3f4b840d]" started-at="2026-05-19T01:39:14 EEST" name="tearDown" finished-at="2026-05-19T01:39:15 EEST" duration-ms="547" status="PASS">
          <params>
            <param index="0">
              <value>
                <![CDATA[[TestResult name=verifyMultipleProductsAddedToCartByNames status=SUCCESS method=CartTest.verifyMultipleProductsAddedToCartByNames()[pri:0, instance:com.SauceDemo.Swanglabs.TestCase.CartTest@3f4b840d] output={null}]]]>
              </value>
            </param>
          </params>
          <reporter-output>
          </reporter-output>
        </test-method> <!-- tearDown -->
        <test-method is-config="true" signature="tearDown(org.testng.ITestResult)[pri:0, instance:com.SauceDemo.Swanglabs.TestCase.CartTest@3f4b840d]" started-at="2026-05-19T01:39:15 EEST" name="tearDown" finished-at="2026-05-19T01:39:15 EEST" duration-ms="230" status="PASS">
          <params>
            <param index="0">
              <value>
                <![CDATA[[TestResult name=verifyMultipleProductsAddedToCartAsNumbers status=SUCCESS method=CartTest.verifyMultipleProductsAddedToCartAsNumbers()[pri:0, instance:com.SauceDemo.Swanglabs.TestCase.CartTest@3f4b840d] output={null}]]]>
              </value>
            </param>
          </params>
          <reporter-output>
          </reporter-output>
        </test-method> <!-- tearDown -->
      </class> <!-- com.SauceDemo.Swanglabs.TestCase.CartTest -->
      <class name="com.SauceDemo.Swanglabs.TestCase.ProductTest">
        <test-method is-config="true" signature="setUp()[pri:0, instance:com.SauceDemo.Swanglabs.TestCase.ProductTest@8d7b252]" started-at="2026-05-19T01:39:32 EEST" name="setUp" finished-at="2026-05-19T01:39:34 EEST" duration-ms="1423" status="PASS">
          <reporter-output>
          </reporter-output>
        </test-method> <!-- setUp -->
        <test-method signature="ClickOnProductAndVerifyIfItTheSameProduct()[pri:0, instance:com.SauceDemo.Swanglabs.TestCase.ProductTest@8d7b252]" started-at="2026-05-19T01:39:34 EEST" name="ClickOnProductAndVerifyIfItTheSameProduct" finished-at="2026-05-19T01:39:40 EEST" duration-ms="6236" status="PASS">
          <reporter-output>
          </reporter-output>
        </test-method> <!-- ClickOnProductAndVerifyIfItTheSameProduct -->
        <test-method is-config="true" signature="tearDown(org.testng.ITestResult)[pri:0, instance:com.SauceDemo.Swanglabs.TestCase.ProductTest@8d7b252]" started-at="2026-05-19T01:39:40 EEST" name="tearDown" finished-at="2026-05-19T01:39:40 EEST" duration-ms="253" status="PASS">
          <params>
            <param index="0">
              <value>
                <![CDATA[[TestResult name=ClickOnProductAndVerifyIfItTheSameProduct status=SUCCESS method=ProductTest.ClickOnProductAndVerifyIfItTheSameProduct()[pri:0, instance:com.SauceDemo.Swanglabs.TestCase.ProductTest@8d7b252] output={null}]]]>
              </value>
            </param>
          </params>
          <reporter-output>
          </reporter-output>
        </test-method> <!-- tearDown -->
      </class> <!-- com.SauceDemo.Swanglabs.TestCase.ProductTest -->
      <class name="com.SauceDemo.Swanglabs.TestCase.inventoryTest">
        <test-method is-config="true" signature="setUp()[pri:0, instance:com.SauceDemo.Swanglabs.TestCase.inventoryTest@68c87fc3]" started-at="2026-05-19T01:39:15 EEST" name="setUp" finished-at="2026-05-19T01:39:19 EEST" duration-ms="3155" status="PASS">
          <reporter-output>
          </reporter-output>
        </test-method> <!-- setUp -->
        <test-method signature="AddSpecificItemsToCart()[pri:0, instance:com.SauceDemo.Swanglabs.TestCase.inventoryTest@68c87fc3]" started-at="2026-05-19T01:39:19 EEST" name="AddSpecificItemsToCart" finished-at="2026-05-19T01:39:19 EEST" duration-ms="8" status="PASS">
          <reporter-output>
          </reporter-output>
        </test-method> <!-- AddSpecificItemsToCart -->
        <test-method is-config="true" signature="tearDown(org.testng.ITestResult)[pri:0, instance:com.SauceDemo.Swanglabs.TestCase.inventoryTest@68c87fc3]" started-at="2026-05-19T01:39:19 EEST" name="tearDown" finished-at="2026-05-19T01:39:20 EEST" duration-ms="1355" status="PASS">
          <params>
            <param index="0">
              <value>
                <![CDATA[[TestResult name=AddSpecificItemsToCart status=SUCCESS method=inventoryTest.AddSpecificItemsToCart()[pri:0, instance:com.SauceDemo.Swanglabs.TestCase.inventoryTest@68c87fc3] output={null}]]]>
              </value>
            </param>
          </params>
          <reporter-output>
          </reporter-output>
        </test-method> <!-- tearDown -->
        <test-method is-config="true" signature="setUp()[pri:0, instance:com.SauceDemo.Swanglabs.TestCase.inventoryTest@68c87fc3]" started-at="2026-05-19T01:39:20 EEST" name="setUp" finished-at="2026-05-19T01:39:22 EEST" duration-ms="1548" status="PASS">
          <reporter-output>
          </reporter-output>
        </test-method> <!-- setUp -->
        <test-method signature="AddToCartSuccessfully()[pri:0, instance:com.SauceDemo.Swanglabs.TestCase.inventoryTest@68c87fc3]" started-at="2026-05-19T01:39:22 EEST" name="AddToCartSuccessfully" finished-at="2026-05-19T01:39:24 EEST" duration-ms="2428" status="PASS">
          <reporter-output>
          </reporter-output>
        </test-method> <!-- AddToCartSuccessfully -->
        <test-method is-config="true" signature="tearDown(org.testng.ITestResult)[pri:0, instance:com.SauceDemo.Swanglabs.TestCase.inventoryTest@68c87fc3]" started-at="2026-05-19T01:39:24 EEST" name="tearDown" finished-at="2026-05-19T01:39:24 EEST" duration-ms="220" status="PASS">
          <params>
            <param index="0">
              <value>
                <![CDATA[[TestResult name=AddToCartSuccessfully status=SUCCESS method=inventoryTest.AddToCartSuccessfully()[pri:0, instance:com.SauceDemo.Swanglabs.TestCase.inventoryTest@68c87fc3] output={null}]]]>
              </value>
            </param>
          </params>
          <reporter-output>
          </reporter-output>
        </test-method> <!-- tearDown -->
        <test-method is-config="true" signature="setUp()[pri:0, instance:com.SauceDemo.Swanglabs.TestCase.inventoryTest@68c87fc3]" started-at="2026-05-19T01:39:24 EEST" name="setUp" finished-at="2026-05-19T01:39:25 EEST" duration-ms="1217" status="PASS">
          <reporter-output>
          </reporter-output>
        </test-method> <!-- setUp -->
        <test-method is-config="true" signature="setUp()[pri:0, instance:com.SauceDemo.Swanglabs.TestCase.inventoryTest@68c87fc3]" started-at="2026-05-19T01:39:25 EEST" name="setUp" finished-at="2026-05-19T01:39:27 EEST" duration-ms="1864" status="PASS">
          <reporter-output>
          </reporter-output>
        </test-method> <!-- setUp -->
        <test-method signature="verifyBackFromDetailReturnsToInventory()[pri:0, instance:com.SauceDemo.Swanglabs.TestCase.inventoryTest@68c87fc3]" started-at="2026-05-19T01:39:25 EEST" name="verifyBackFromDetailReturnsToInventory" finished-at="2026-05-19T01:39:29 EEST" duration-ms="3186" status="PASS">
          <reporter-output>
          </reporter-output>
        </test-method> <!-- verifyBackFromDetailReturnsToInventory -->
        <test-method signature="verifyCartIconNavigatesToCartPage()[pri:0, instance:com.SauceDemo.Swanglabs.TestCase.inventoryTest@68c87fc3]" started-at="2026-05-19T01:39:27 EEST" name="verifyCartIconNavigatesToCartPage" finished-at="2026-05-19T01:39:29 EEST" duration-ms="2541" status="PASS">
          <reporter-output>
          </reporter-output>
        </test-method> <!-- verifyCartIconNavigatesToCartPage -->
        <test-method is-config="true" signature="setUp()[pri:0, instance:com.SauceDemo.Swanglabs.TestCase.inventoryTest@68c87fc3]" started-at="2026-05-19T01:39:27 EEST" name="setUp" finished-at="2026-05-19T01:39:28 EEST" duration-ms="1201" status="PASS">
          <reporter-output>
          </reporter-output>
        </test-method> <!-- setUp -->
        <test-method signature="verifyClickProductImageNavigatesToDetailPage()[pri:0, instance:com.SauceDemo.Swanglabs.TestCase.inventoryTest@68c87fc3]" started-at="2026-05-19T01:39:28 EEST" name="verifyClickProductImageNavigatesToDetailPage" finished-at="2026-05-19T01:39:32 EEST" duration-ms="3263" status="PASS">
          <reporter-output>
          </reporter-output>
        </test-method> <!-- verifyClickProductImageNavigatesToDetailPage -->
        <test-method is-config="true" signature="tearDown(org.testng.ITestResult)[pri:0, instance:com.SauceDemo.Swanglabs.TestCase.inventoryTest@68c87fc3]" started-at="2026-05-19T01:39:29 EEST" name="tearDown" finished-at="2026-05-19T01:39:29 EEST" duration-ms="412" status="PASS">
          <params>
            <param index="0">
              <value>
                <![CDATA[[TestResult name=verifyBackFromDetailReturnsToInventory status=SUCCESS method=inventoryTest.verifyBackFromDetailReturnsToInventory()[pri:0, instance:com.SauceDemo.Swanglabs.TestCase.inventoryTest@68c87fc3] output={null}]]]>
              </value>
            </param>
          </params>
          <reporter-output>
          </reporter-output>
        </test-method> <!-- tearDown -->
        <test-method is-config="true" signature="setUp()[pri:0, instance:com.SauceDemo.Swanglabs.TestCase.inventoryTest@68c87fc3]" started-at="2026-05-19T01:39:29 EEST" name="setUp" finished-at="2026-05-19T01:39:30 EEST" duration-ms="1216" status="PASS">
          <reporter-output>
          </reporter-output>
        </test-method> <!-- setUp -->
        <test-method is-config="true" signature="tearDown(org.testng.ITestResult)[pri:0, instance:com.SauceDemo.Swanglabs.TestCase.inventoryTest@68c87fc3]" started-at="2026-05-19T01:39:29 EEST" name="tearDown" finished-at="2026-05-19T01:39:30 EEST" duration-ms="334" status="PASS">
          <params>
            <param index="0">
              <value>
                <![CDATA[[TestResult name=verifyCartIconNavigatesToCartPage status=SUCCESS method=inventoryTest.verifyCartIconNavigatesToCartPage()[pri:0, instance:com.SauceDemo.Swanglabs.TestCase.inventoryTest@68c87fc3] output={null}]]]>
              </value>
            </param>
          </params>
          <reporter-output>
          </reporter-output>
        </test-method> <!-- tearDown -->
        <test-method signature="verifyClickProductNameNavigatesToDetailPage()[pri:0, instance:com.SauceDemo.Swanglabs.TestCase.inventoryTest@68c87fc3]" started-at="2026-05-19T01:39:30 EEST" name="verifyClickProductNameNavigatesToDetailPage" finished-at="2026-05-19T01:39:39 EEST" duration-ms="8446" status="PASS">
          <reporter-output>
          </reporter-output>
        </test-method> <!-- verifyClickProductNameNavigatesToDetailPage -->
        <test-method is-config="true" signature="tearDown(org.testng.ITestResult)[pri:0, instance:com.SauceDemo.Swanglabs.TestCase.inventoryTest@68c87fc3]" started-at="2026-05-19T01:39:32 EEST" name="tearDown" finished-at="2026-05-19T01:39:32 EEST" duration-ms="830" status="PASS">
          <params>
            <param index="0">
              <value>
                <![CDATA[[TestResult name=verifyClickProductImageNavigatesToDetailPage status=SUCCESS method=inventoryTest.verifyClickProductImageNavigatesToDetailPage()[pri:0, instance:com.SauceDemo.Swanglabs.TestCase.inventoryTest@68c87fc3] output={null}]]]>
              </value>
            </param>
          </params>
          <reporter-output>
          </reporter-output>
        </test-method> <!-- tearDown -->
        <test-method is-config="true" signature="tearDown(org.testng.ITestResult)[pri:0, instance:com.SauceDemo.Swanglabs.TestCase.inventoryTest@68c87fc3]" started-at="2026-05-19T01:39:39 EEST" name="tearDown" finished-at="2026-05-19T01:39:40 EEST" duration-ms="1820" status="PASS">
          <params>
            <param index="0">
              <value>
                <![CDATA[[TestResult name=verifyClickProductNameNavigatesToDetailPage status=SUCCESS method=inventoryTest.verifyClickProductNameNavigatesToDetailPage()[pri:0, instance:com.SauceDemo.Swanglabs.TestCase.inventoryTest@68c87fc3] output={null}]]]>
              </value>
            </param>
          </params>
          <reporter-output>
          </reporter-output>
        </test-method> <!-- tearDown -->
      </class> <!-- com.SauceDemo.Swanglabs.TestCase.inventoryTest -->
      <class name="com.SauceDemo.Swanglabs.TestCase.CheckoutTest">
        <test-method is-config="true" signature="setUp()[pri:0, instance:com.SauceDemo.Swanglabs.TestCase.CheckoutTest@31464a43]" started-at="2026-05-19T01:39:10 EEST" name="setUp" finished-at="2026-05-19T01:39:12 EEST" duration-ms="2115" status="PASS">
          <reporter-output>
          </reporter-output>
        </test-method> <!-- setUp -->
        <test-method signature="checkoutMandatoryFieldsTest()[pri:0, instance:com.SauceDemo.Swanglabs.TestCase.CheckoutTest@31464a43]" started-at="2026-05-19T01:39:12 EEST" name="checkoutMandatoryFieldsTest" finished-at="2026-05-19T01:39:15 EEST" duration-ms="3130" status="PASS">
          <reporter-output>
          </reporter-output>
        </test-method> <!-- checkoutMandatoryFieldsTest -->
        <test-method is-config="true" signature="setUp()[pri:0, instance:com.SauceDemo.Swanglabs.TestCase.CheckoutTest@31464a43]" started-at="2026-05-19T01:39:15 EEST" name="setUp" finished-at="2026-05-19T01:39:16 EEST" duration-ms="1570" status="PASS">
          <reporter-output>
          </reporter-output>
        </test-method> <!-- setUp -->
        <test-method is-config="true" signature="tearDown(org.testng.ITestResult)[pri:0, instance:com.SauceDemo.Swanglabs.TestCase.CheckoutTest@31464a43]" started-at="2026-05-19T01:39:15 EEST" name="tearDown" finished-at="2026-05-19T01:39:15 EEST" duration-ms="269" status="PASS">
          <params>
            <param index="0">
              <value>
                <![CDATA[[TestResult name=checkoutMandatoryFieldsTest status=SUCCESS method=CheckoutTest.checkoutMandatoryFieldsTest()[pri:0, instance:com.SauceDemo.Swanglabs.TestCase.CheckoutTest@31464a43] output={null}]]]>
              </value>
            </param>
          </params>
          <reporter-output>
          </reporter-output>
        </test-method> <!-- tearDown -->
        <test-method signature="successfulCheckoutFlow()[pri:0, instance:com.SauceDemo.Swanglabs.TestCase.CheckoutTest@31464a43]" started-at="2026-05-19T01:39:17 EEST" name="successfulCheckoutFlow" finished-at="2026-05-19T01:39:24 EEST" duration-ms="7843" status="PASS">
          <reporter-output>
          </reporter-output>
        </test-method> <!-- successfulCheckoutFlow -->
        <test-method is-config="true" signature="tearDown(org.testng.ITestResult)[pri:0, instance:com.SauceDemo.Swanglabs.TestCase.CheckoutTest@31464a43]" started-at="2026-05-19T01:39:24 EEST" name="tearDown" finished-at="2026-05-19T01:39:25 EEST" duration-ms="366" status="PASS">
          <params>
            <param index="0">
              <value>
                <![CDATA[[TestResult name=successfulCheckoutFlow status=SUCCESS method=CheckoutTest.successfulCheckoutFlow()[pri:0, instance:com.SauceDemo.Swanglabs.TestCase.CheckoutTest@31464a43] output={null}]]]>
              </value>
            </param>
          </params>
          <reporter-output>
          </reporter-output>
        </test-method> <!-- tearDown -->
      </class> <!-- com.SauceDemo.Swanglabs.TestCase.CheckoutTest -->
      <class name="com.SauceDemo.Swanglabs.TestCase.RestAssuredTest">
        <test-method is-config="true" signature="setUp()[pri:0, instance:com.SauceDemo.Swanglabs.TestCase.RestAssuredTest@4682eba5]" started-at="2026-05-19T01:39:40 EEST" name="setUp" finished-at="2026-05-19T01:39:41 EEST" duration-ms="888" status="PASS">
          <reporter-output>
          </reporter-output>
        </test-method> <!-- setUp -->
        <test-method signature="shouldLoginUsingCookies()[pri:0, instance:com.SauceDemo.Swanglabs.TestCase.RestAssuredTest@4682eba5]" started-at="2026-05-19T01:39:41 EEST" name="shouldLoginUsingCookies" finished-at="2026-05-19T01:39:49 EEST" duration-ms="7167" status="PASS">
          <reporter-output>
          </reporter-output>
        </test-method> <!-- shouldLoginUsingCookies -->
        <test-method is-config="true" signature="tearDown(org.testng.ITestResult)[pri:0, instance:com.SauceDemo.Swanglabs.TestCase.RestAssuredTest@4682eba5]" started-at="2026-05-19T01:39:49 EEST" name="tearDown" finished-at="2026-05-19T01:39:50 EEST" duration-ms="1781" status="PASS">
          <params>
            <param index="0">
              <value>
                <![CDATA[[TestResult name=shouldLoginUsingCookies status=SUCCESS method=RestAssuredTest.shouldLoginUsingCookies()[pri:0, instance:com.SauceDemo.Swanglabs.TestCase.RestAssuredTest@4682eba5] output={null}]]]>
              </value>
            </param>
          </params>
          <reporter-output>
          </reporter-output>
        </test-method> <!-- tearDown -->
      </class> <!-- com.SauceDemo.Swanglabs.TestCase.RestAssuredTest -->
      <class name="com.SauceDemo.Swanglabs.TestCase.LoginTest">
        <test-method is-config="true" signature="setUp()[pri:0, instance:com.SauceDemo.Swanglabs.TestCase.LoginTest@bc0f53b]" started-at="2026-05-19T01:39:30 EEST" name="setUp" finished-at="2026-05-19T01:39:32 EEST" duration-ms="2417" status="PASS">
          <reporter-output>
          </reporter-output>
        </test-method> <!-- setUp -->
        <test-method signature="loginTest(java.lang.String,java.lang.String,java.lang.String)[pri:0, instance:com.SauceDemo.Swanglabs.TestCase.LoginTest@bc0f53b]" started-at="2026-05-19T01:39:32 EEST" name="loginTest" data-provider="loginData" finished-at="2026-05-19T01:39:41 EEST" duration-ms="8916" status="PASS">
          <params>
            <param index="0">
              <value>
                <![CDATA[standard_user]]>
              </value>
            </param>
            <param index="1">
              <value>
                <![CDATA[secret_sauce]]>
              </value>
            </param>
            <param index="2">
              <value>
                <![CDATA[success]]>
              </value>
            </param>
          </params>
          <reporter-output>
          </reporter-output>
        </test-method> <!-- loginTest -->
        <test-method is-config="true" signature="tearDown(org.testng.ITestResult)[pri:0, instance:com.SauceDemo.Swanglabs.TestCase.LoginTest@bc0f53b]" started-at="2026-05-19T01:39:41 EEST" name="tearDown" finished-at="2026-05-19T01:39:43 EEST" duration-ms="2310" status="PASS">
          <params>
            <param index="0">
              <value>
                <![CDATA[[TestResult name=loginTest status=SUCCESS method=LoginTest.loginTest(java.lang.String,java.lang.String,java.lang.String)[pri:0, instance:com.SauceDemo.Swanglabs.TestCase.LoginTest@bc0f53b] output={null}]]]>
              </value>
            </param>
          </params>
          <reporter-output>
          </reporter-output>
        </test-method> <!-- tearDown -->
        <test-method is-config="true" signature="setUp()[pri:0, instance:com.SauceDemo.Swanglabs.TestCase.LoginTest@bc0f53b]" started-at="2026-05-19T01:39:43 EEST" name="setUp" finished-at="2026-05-19T01:39:45 EEST" duration-ms="1318" status="PASS">
          <reporter-output>
          </reporter-output>
        </test-method> <!-- setUp -->
        <test-method signature="loginTest(java.lang.String,java.lang.String,java.lang.String)[pri:0, instance:com.SauceDemo.Swanglabs.TestCase.LoginTest@bc0f53b]" started-at="2026-05-19T01:39:45 EEST" name="loginTest" data-provider="loginData" finished-at="2026-05-19T01:39:49 EEST" duration-ms="4495" status="PASS">
          <params>
            <param index="0">
              <value>
                <![CDATA[locked_out_user]]>
              </value>
            </param>
            <param index="1">
              <value>
                <![CDATA[secret_sauce]]>
              </value>
            </param>
            <param index="2">
              <value>
                <![CDATA[error]]>
              </value>
            </param>
          </params>
          <reporter-output>
          </reporter-output>
        </test-method> <!-- loginTest -->
        <test-method is-config="true" signature="tearDown(org.testng.ITestResult)[pri:0, instance:com.SauceDemo.Swanglabs.TestCase.LoginTest@bc0f53b]" started-at="2026-05-19T01:39:49 EEST" name="tearDown" finished-at="2026-05-19T01:39:49 EEST" duration-ms="244" status="PASS">
          <params>
            <param index="0">
              <value>
                <![CDATA[[TestResult name=loginTest status=SUCCESS method=LoginTest.loginTest(java.lang.String,java.lang.String,java.lang.String)[pri:0, instance:com.SauceDemo.Swanglabs.TestCase.LoginTest@bc0f53b] output={null}]]]>
              </value>
            </param>
          </params>
          <reporter-output>
          </reporter-output>
        </test-method> <!-- tearDown -->
        <test-method is-config="true" signature="setUp()[pri:0, instance:com.SauceDemo.Swanglabs.TestCase.LoginTest@bc0f53b]" started-at="2026-05-19T01:39:49 EEST" name="setUp" finished-at="2026-05-19T01:39:50 EEST" duration-ms="849" status="PASS">
          <reporter-output>
          </reporter-output>
        </test-method> <!-- setUp -->
        <test-method signature="loginTest(java.lang.String,java.lang.String,java.lang.String)[pri:0, instance:com.SauceDemo.Swanglabs.TestCase.LoginTest@bc0f53b]" started-at="2026-05-19T01:39:50 EEST" name="loginTest" data-provider="loginData" finished-at="2026-05-19T01:39:52 EEST" duration-ms="1467" status="PASS">
          <params>
            <param index="0">
              <value>
                <![CDATA[invalid_user]]>
              </value>
            </param>
            <param index="1">
              <value>
                <![CDATA[secret_sauce]]>
              </value>
            </param>
            <param index="2">
              <value>
                <![CDATA[error]]>
              </value>
            </param>
          </params>
          <reporter-output>
          </reporter-output>
        </test-method> <!-- loginTest -->
        <test-method is-config="true" signature="tearDown(org.testng.ITestResult)[pri:0, instance:com.SauceDemo.Swanglabs.TestCase.LoginTest@bc0f53b]" started-at="2026-05-19T01:39:52 EEST" name="tearDown" finished-at="2026-05-19T01:39:52 EEST" duration-ms="182" status="PASS">
          <params>
            <param index="0">
              <value>
                <![CDATA[[TestResult name=loginTest status=SUCCESS method=LoginTest.loginTest(java.lang.String,java.lang.String,java.lang.String)[pri:0, instance:com.SauceDemo.Swanglabs.TestCase.LoginTest@bc0f53b] output={null}]]]>
              </value>
            </param>
          </params>
          <reporter-output>
          </reporter-output>
        </test-method> <!-- tearDown -->
        <test-method is-config="true" signature="setUp()[pri:0, instance:com.SauceDemo.Swanglabs.TestCase.LoginTest@bc0f53b]" started-at="2026-05-19T01:39:52 EEST" name="setUp" finished-at="2026-05-19T01:39:53 EEST" duration-ms="784" status="PASS">
          <reporter-output>
          </reporter-output>
        </test-method> <!-- setUp -->
        <test-method signature="loginTest(java.lang.String,java.lang.String,java.lang.String)[pri:0, instance:com.SauceDemo.Swanglabs.TestCase.LoginTest@bc0f53b]" started-at="2026-05-19T01:39:53 EEST" name="loginTest" data-provider="loginData" finished-at="2026-05-19T01:39:54 EEST" duration-ms="1483" status="PASS">
          <params>
            <param index="0">
              <value>
                <![CDATA[]]>
              </value>
            </param>
            <param index="1">
              <value>
                <![CDATA[]]>
              </value>
            </param>
            <param index="2">
              <value>
                <![CDATA[error]]>
              </value>
            </param>
          </params>
          <reporter-output>
          </reporter-output>
        </test-method> <!-- loginTest -->
        <test-method is-config="true" signature="tearDown(org.testng.ITestResult)[pri:0, instance:com.SauceDemo.Swanglabs.TestCase.LoginTest@bc0f53b]" started-at="2026-05-19T01:39:54 EEST" name="tearDown" finished-at="2026-05-19T01:39:54 EEST" duration-ms="188" status="PASS">
          <params>
            <param index="0">
              <value>
                <![CDATA[[TestResult name=loginTest status=SUCCESS method=LoginTest.loginTest(java.lang.String,java.lang.String,java.lang.String)[pri:0, instance:com.SauceDemo.Swanglabs.TestCase.LoginTest@bc0f53b] output={null}]]]>
              </value>
            </param>
          </params>
          <reporter-output>
          </reporter-output>
        </test-method> <!-- tearDown -->
        <test-method is-config="true" signature="setUp()[pri:0, instance:com.SauceDemo.Swanglabs.TestCase.LoginTest@bc0f53b]" started-at="2026-05-19T01:39:54 EEST" name="setUp" finished-at="2026-05-19T01:39:55 EEST" duration-ms="792" status="PASS">
          <reporter-output>
          </reporter-output>
        </test-method> <!-- setUp -->
        <test-method signature="loginTest(java.lang.String,java.lang.String,java.lang.String)[pri:0, instance:com.SauceDemo.Swanglabs.TestCase.LoginTest@bc0f53b]" started-at="2026-05-19T01:39:55 EEST" name="loginTest" data-provider="loginData" finished-at="2026-05-19T01:39:56 EEST" duration-ms="1412" status="PASS">
          <params>
            <param index="0">
              <value>
                <![CDATA[standard_user]]>
              </value>
            </param>
            <param index="1">
              <value>
                <![CDATA[wrong_pass]]>
              </value>
            </param>
            <param index="2">
              <value>
                <![CDATA[error]]>
              </value>
            </param>
          </params>
          <reporter-output>
          </reporter-output>
        </test-method> <!-- loginTest -->
        <test-method is-config="true" signature="tearDown(org.testng.ITestResult)[pri:0, instance:com.SauceDemo.Swanglabs.TestCase.LoginTest@bc0f53b]" started-at="2026-05-19T01:39:57 EEST" name="tearDown" finished-at="2026-05-19T01:39:57 EEST" duration-ms="161" status="PASS">
          <params>
            <param index="0">
              <value>
                <![CDATA[[TestResult name=loginTest status=SUCCESS method=LoginTest.loginTest(java.lang.String,java.lang.String,java.lang.String)[pri:0, instance:com.SauceDemo.Swanglabs.TestCase.LoginTest@bc0f53b] output={null}]]]>
              </value>
            </param>
          </params>
          <reporter-output>
          </reporter-output>
        </test-method> <!-- tearDown -->
      </class> <!-- com.SauceDemo.Swanglabs.TestCase.LoginTest -->
    </test> <!-- Surefire test -->
  </suite> <!-- Surefire suite -->
</testng-results>
