<?xml version="1.0" encoding="UTF-8"?>
<testsuite xmlns:xsi="http://www.w3.org/2001/XMLSchema-instance" xsi:noNamespaceSchemaLocation="https://maven.apache.org/surefire/maven-surefire-plugin/xsd/surefire-test-report.xsd" version="3.0.2" name="TestSuite" time="63.032" tests="21" errors="0" skipped="0" failures="0">
  <properties>
[...]
</properties>
  <testcase name="continueShoppingNavigationTest" classname="com.SauceDemo.Swanglabs.TestCase.CartTest" time="7.794">
    <system-out><![CDATA[No alert present to accept.
No alert present to accept.
No alert present to accept.
]]></system-out>
    <system-err><![CDATA[SLF4J(W): No SLF4J providers were found.
SLF4J(W): Defaulting to no-operation (NOP) logger implementation
SLF4J(W): See https://www.slf4j.org/codes.html#noProviders for further details.
May 19, 2026 1:39:00 AM org.openqa.selenium.devtools.CdpVersionFinder findNearestMatch
WARNING: Unable to find CDP implementation matching 148
May 19, 2026 1:39:00 AM org.openqa.selenium.devtools.CdpVersionFinder findNearestMatch
WARNING: Unable to find CDP implementation matching 148
May 19, 2026 1:39:00 AM org.openqa.selenium.devtools.CdpVersionFinder findNearestMatch
WARNING: Unable to find CDP implementation matching 148
May 19, 2026 1:39:00 AM org.openqa.selenium.chromium.ChromiumDriver lambda$new$4
WARNING: Unable to find version of CDP to use for 148.0.3967.70. You may need to include a dependency on a specific version of the CDP using something similar to `org.seleniumhq.selenium:selenium-devtools-v86:4.39.0` where the version ("v86") matches the version of the chromium-based browser you're using and the version number of the artifact is the same as Selenium's.
May 19, 2026 1:39:00 AM org.openqa.selenium.chromium.ChromiumDriver lambda$new$4
WARNING: Unable to find version of CDP to use for 148.0.3967.70. You may need to include a dependency on a specific version of the CDP using something similar to `org.seleniumhq.selenium:selenium-devtools-v86:4.39.0` where the version ("v86") matches the version of the chromium-based browser you're using and the version number of the artifact is the same as Selenium's.
May 19, 2026 1:39:00 AM org.openqa.selenium.chromium.ChromiumDriver lambda$new$4
WARNING: Unable to find version of CDP to use for 148.0.3967.70. You may need to include a dependency on a specific version of the CDP using something similar to `org.seleniumhq.selenium:selenium-devtools-v86:4.39.0` where the version ("v86") matches the version of the chromium-based browser you're using and the version number of the artifact is the same as Selenium's.
]]></system-err>
  </testcase>
  <testcase name="navigateToCheckoutTest" classname="com.SauceDemo.Swanglabs.TestCase.CartTest" time="7.93"/>
  <testcase name="removeProductFromCartTestAndVerifyCartIsEmpty" classname="com.SauceDemo.Swanglabs.TestCase.CartTest" time="8.085"/>
  <testcase name="verifyMultipleProductsAddedToCartByNames" classname="com.SauceDemo.Swanglabs.TestCase.CartTest" time="2.427">
    <system-out><![CDATA[No alert present to accept.
No alert present to accept.
]]></system-out>
    <system-err><![CDATA[May 19, 2026 1:39:11 AM org.openqa.selenium.devtools.CdpVersionFinder findNearestMatch
WARNING: Unable to find CDP implementation matching 148
May 19, 2026 1:39:11 AM org.openqa.selenium.chromium.ChromiumDriver lambda$new$4
WARNING: Unable to find version of CDP to use for 148.0.3967.70. You may need to include a dependency on a specific version of the CDP using something similar to `org.seleniumhq.selenium:selenium-devtools-v86:4.39.0` where the version ("v86") matches the version of the chromium-based browser you're using and the version number of the artifact is the same as Selenium's.
May 19, 2026 1:39:11 AM org.openqa.selenium.devtools.CdpVersionFinder findNearestMatch
WARNING: Unable to find CDP implementation matching 148
May 19, 2026 1:39:11 AM org.openqa.selenium.chromium.ChromiumDriver lambda$new$4
WARNING: Unable to find version of CDP to use for 148.0.3967.70. You may need to include a dependency on a specific version of the CDP using something similar to `org.seleniumhq.selenium:selenium-devtools-v86:4.39.0` where the version ("v86") matches the version of the chromium-based browser you're using and the version number of the artifact is the same as Selenium's.
May 19, 2026 1:39:12 AM org.openqa.selenium.devtools.CdpVersionFinder findNearestMatch
WARNING: Unable to find CDP implementation matching 148
May 19, 2026 1:39:12 AM org.openqa.selenium.chromium.ChromiumDriver lambda$new$4
WARNING: Unable to find version of CDP to use for 148.0.3967.70. You may need to include a dependency on a specific version of the CDP using something similar to `org.seleniumhq.selenium:selenium-devtools-v86:4.39.0` where the version ("v86") matches the version of the chromium-based browser you're using and the version number of the artifact is the same as Selenium's.
]]></system-err>
  </testcase>
  <testcase name="verifyMultipleProductsAddedToCartAsNumbers" classname="com.SauceDemo.Swanglabs.TestCase.CartTest" time="3.107">
    <system-out><![CDATA[No alert present to accept.
]]></system-out>
  </testcase>
  <testcase name="checkoutMandatoryFieldsTest" classname="com.SauceDemo.Swanglabs.TestCase.CheckoutTest" time="3.132"/>
  <testcase name="successfulCheckoutFlow" classname="com.SauceDemo.Swanglabs.TestCase.CheckoutTest" time="2.928"/>
  <testcase name="AddSpecificItemsToCart" classname="com.SauceDemo.Swanglabs.TestCase.inventoryTest" time="0.011">
    <system-err><![CDATA[May 19, 2026 1:39:16 AM org.openqa.selenium.devtools.CdpVersionFinder findNearestMatch
WARNING: Unable to find CDP implementation matching 148
May 19, 2026 1:39:16 AM org.openqa.selenium.chromium.ChromiumDriver lambda$new$4
WARNING: Unable to find version of CDP to use for 148.0.3967.70. You may need to include a dependency on a specific version of the CDP using something similar to `org.seleniumhq.selenium:selenium-devtools-v86:4.39.0` where the version ("v86") matches the version of the chromium-based browser you're using and the version number of the artifact is the same as Selenium's.
May 19, 2026 1:39:17 AM org.openqa.selenium.devtools.CdpVersionFinder findNearestMatch
WARNING: Unable to find CDP implementation matching 148
May 19, 2026 1:39:17 AM org.openqa.selenium.chromium.ChromiumDriver lambda$new$4
WARNING: Unable to find version of CDP to use for 148.0.3967.70. You may need to include a dependency on a specific version of the CDP using something similar to `org.seleniumhq.selenium:selenium-devtools-v86:4.39.0` where the version ("v86") matches the version of the chromium-based browser you're using and the version number of the artifact is the same as Selenium's.
May 19, 2026 1:39:18 AM org.openqa.selenium.devtools.CdpVersionFinder findNearestMatch
WARNING: Unable to find CDP implementation matching 148
May 19, 2026 1:39:18 AM org.openqa.selenium.chromium.ChromiumDriver lambda$new$4
WARNING: Unable to find version of CDP to use for 148.0.3967.70. You may need to include a dependency on a specific version of the CDP using something similar to `org.seleniumhq.selenium:selenium-devtools-v86:4.39.0` where the version ("v86") matches the version of the chromium-based browser you're using and the version number of the artifact is the same as Selenium's.
]]></system-err>
  </testcase>
  <testcase name="AddToCartSuccessfully" classname="com.SauceDemo.Swanglabs.TestCase.inventoryTest" time="2.431">
    <system-out><![CDATA[No alert present to accept.
No alert present to accept.
No alert present to accept.
]]></system-out>
    <system-err><![CDATA[May 19, 2026 1:39:21 AM org.openqa.selenium.devtools.CdpVersionFinder findNearestMatch
WARNING: Unable to find CDP implementation matching 148
May 19, 2026 1:39:21 AM org.openqa.selenium.chromium.ChromiumDriver lambda$new$4
WARNING: Unable to find version of CDP to use for 148.0.3967.70. You may need to include a dependency on a specific version of the CDP using something similar to `org.seleniumhq.selenium:selenium-devtools-v86:4.39.0` where the version ("v86") matches the version of the chromium-based browser you're using and the version number of the artifact is the same as Selenium's.
]]></system-err>
  </testcase>
  <testcase name="verifyBackFromDetailReturnsToInventory" classname="com.SauceDemo.Swanglabs.TestCase.inventoryTest" time="0.179">
    <system-out><![CDATA[No alert present to accept.
]]></system-out>
    <system-err><![CDATA[May 19, 2026 1:39:27 AM org.openqa.selenium.devtools.CdpVersionFinder findNearestMatch
WARNING: Unable to find CDP implementation matching 148
May 19, 2026 1:39:27 AM org.openqa.selenium.chromium.ChromiumDriver lambda$new$4
WARNING: Unable to find version of CDP to use for 148.0.3967.70. You may need to include a dependency on a specific version of the CDP using something similar to `org.seleniumhq.selenium:selenium-devtools-v86:4.39.0` where the version ("v86") matches the version of the chromium-based browser you're using and the version number of the artifact is the same as Selenium's.
May 19, 2026 1:39:28 AM org.openqa.selenium.devtools.CdpVersionFinder findNearestMatch
WARNING: Unable to find CDP implementation matching 148
May 19, 2026 1:39:28 AM org.openqa.selenium.chromium.ChromiumDriver lambda$new$4
WARNING: Unable to find version of CDP to use for 148.0.3967.70. You may need to include a dependency on a specific version of the CDP using something similar to `org.seleniumhq.selenium:selenium-devtools-v86:4.39.0` where the version ("v86") matches the version of the chromium-based browser you're using and the version number of the artifact is the same as Selenium's.
]]></system-err>
  </testcase>
  <testcase name="verifyCartIconNavigatesToCartPage" classname="com.SauceDemo.Swanglabs.TestCase.inventoryTest" time="0.822">
    <system-out><![CDATA[No alert present to accept.
]]></system-out>
  </testcase>
  <testcase name="verifyClickProductImageNavigatesToDetailPage" classname="com.SauceDemo.Swanglabs.TestCase.inventoryTest" time="1.445">
    <system-out><![CDATA[No alert present to accept.
]]></system-out>
    <system-err><![CDATA[May 19, 2026 1:39:30 AM org.openqa.selenium.devtools.CdpVersionFinder findNearestMatch
WARNING: Unable to find CDP implementation matching 148
May 19, 2026 1:39:30 AM org.openqa.selenium.chromium.ChromiumDriver lambda$new$4
WARNING: Unable to find version of CDP to use for 148.0.3967.70. You may need to include a dependency on a specific version of the CDP using something similar to `org.seleniumhq.selenium:selenium-devtools-v86:4.39.0` where the version ("v86") matches the version of the chromium-based browser you're using and the version number of the artifact is the same as Selenium's.
May 19, 2026 1:39:32 AM org.openqa.selenium.devtools.CdpVersionFinder findNearestMatch
WARNING: Unable to find CDP implementation matching 148
May 19, 2026 1:39:32 AM org.openqa.selenium.chromium.ChromiumDriver lambda$new$4
WARNING: Unable to find version of CDP to use for 148.0.3967.70. You may need to include a dependency on a specific version of the CDP using something similar to `org.seleniumhq.selenium:selenium-devtools-v86:4.39.0` where the version ("v86") matches the version of the chromium-based browser you're using and the version number of the artifact is the same as Selenium's.
]]></system-err>
  </testcase>
  <testcase name="verifyClickProductNameNavigatesToDetailPage" classname="com.SauceDemo.Swanglabs.TestCase.inventoryTest" time="4.708">
    <system-out><![CDATA[No alert present to accept.
]]></system-out>
    <system-err><![CDATA[May 19, 2026 1:39:34 AM org.openqa.selenium.devtools.CdpVersionFinder findNearestMatch
WARNING: Unable to find CDP implementation matching 148
May 19, 2026 1:39:34 AM org.openqa.selenium.chromium.ChromiumDriver lambda$new$4
WARNING: Unable to find version of CDP to use for 148.0.3967.70. You may need to include a dependency on a specific version of the CDP using something similar to `org.seleniumhq.selenium:selenium-devtools-v86:4.39.0` where the version ("v86") matches the version of the chromium-based browser you're using and the version number of the artifact is the same as Selenium's.
]]></system-err>
  </testcase>
  <testcase name="endToEthPurchaseTest" classname="com.SauceDemo.Swanglabs.TestCase.EndToEndTest" time="3.816">
    <system-err><![CDATA[May 19, 2026 1:39:25 AM org.openqa.selenium.devtools.CdpVersionFinder findNearestMatch
WARNING: Unable to find CDP implementation matching 148
May 19, 2026 1:39:25 AM org.openqa.selenium.chromium.ChromiumDriver lambda$new$4
WARNING: Unable to find version of CDP to use for 148.0.3967.70. You may need to include a dependency on a specific version of the CDP using something similar to `org.seleniumhq.selenium:selenium-devtools-v86:4.39.0` where the version ("v86") matches the version of the chromium-based browser you're using and the version number of the artifact is the same as Selenium's.
]]></system-err>
  </testcase>
  <testcase name="ClickOnProductAndVerifyIfItTheSameProduct" classname="com.SauceDemo.Swanglabs.TestCase.ProductTest" time="6.238">
    <system-out><![CDATA[No alert present to accept.
]]></system-out>
  </testcase>
  <testcase name="loginTest[standard_user, secret_sauce, success](1)" classname="com.SauceDemo.Swanglabs.TestCase.LoginTest" time="6.987">
    <system-out><![CDATA[No alert present to accept.
]]></system-out>
  </testcase>
  <testcase name="loginTest[locked_out_user, secret_sauce, error](2)" classname="com.SauceDemo.Swanglabs.TestCase.LoginTest" time="4.494">
    <system-out><![CDATA[No alert present to accept.
]]></system-out>
  </testcase>
  <testcase name="loginTest[invalid_user, secret_sauce, error](3)" classname="com.SauceDemo.Swanglabs.TestCase.LoginTest" time="1.47">
    <system-out><![CDATA[No alert present to accept.
]]></system-out>
    <system-err><![CDATA[May 19, 2026 1:39:50 AM org.openqa.selenium.devtools.CdpVersionFinder findNearestMatch
WARNING: Unable to find CDP implementation matching 148
May 19, 2026 1:39:50 AM org.openqa.selenium.chromium.ChromiumDriver lambda$new$4
WARNING: Unable to find version of CDP to use for 148.0.3967.70. You may need to include a dependency on a specific version of the CDP using something similar to `org.seleniumhq.selenium:selenium-devtools-v86:4.39.0` where the version ("v86") matches the version of the chromium-based browser you're using and the version number of the artifact is the same as Selenium's.
]]></system-err>
  </testcase>
  <testcase name="loginTest[, , error](4)" classname="com.SauceDemo.Swanglabs.TestCase.LoginTest" time="1.486">
    <system-out><![CDATA[No alert present to accept.
]]></system-out>
    <system-err><![CDATA[May 19, 2026 1:39:53 AM org.openqa.selenium.devtools.CdpVersionFinder findNearestMatch
WARNING: Unable to find CDP implementation matching 148
May 19, 2026 1:39:53 AM org.openqa.selenium.chromium.ChromiumDriver lambda$new$4
WARNING: Unable to find version of CDP to use for 148.0.3967.70. You may need to include a dependency on a specific version of the CDP using something similar to `org.seleniumhq.selenium:selenium-devtools-v86:4.39.0` where the version ("v86") matches the version of the chromium-based browser you're using and the version number of the artifact is the same as Selenium's.
]]></system-err>
  </testcase>
  <testcase name="loginTest[standard_user, wrong_pass, error](5)" classname="com.SauceDemo.Swanglabs.TestCase.LoginTest" time="1.411">
    <system-out><![CDATA[No alert present to accept.
]]></system-out>
    <system-err><![CDATA[May 19, 2026 1:39:55 AM org.openqa.selenium.devtools.CdpVersionFinder findNearestMatch
WARNING: Unable to find CDP implementation matching 148
May 19, 2026 1:39:55 AM org.openqa.selenium.chromium.ChromiumDriver lambda$new$4
WARNING: Unable to find version of CDP to use for 148.0.3967.70. You may need to include a dependency on a specific version of the CDP using something similar to `org.seleniumhq.selenium:selenium-devtools-v86:4.39.0` where the version ("v86") matches the version of the chromium-based browser you're using and the version number of the artifact is the same as Selenium's.
]]></system-err>
  </testcase>
  <testcase name="shouldLoginUsingCookies" classname="com.SauceDemo.Swanglabs.TestCase.RestAssuredTest" time="3.926">
    <system-out><![CDATA[Request method:	POST
Request URI:	https://qacart-todo.herokuapp.com/api/v1/users/register
Proxy:			<none>
Request params:	<none>
Query params:	<none>
Form params:	<none>
Path params:	<none>
Headers:		Accept=*/*
				Content-Type=application/json
Cookies:		<none>
Multiparts:		<none>
Body:
{
    "email": "tuan.baumbach@hotmail.com",
    "password": "ok53hx71k3sy",
    "firstName": "Margarito",
    "lastName": "Leffler"
}
HTTP/1.1 201 Created
Access-Control-Allow-Origin: *
Content-Length: 287
Content-Type: application/json; charset=utf-8
Date: Mon, 18 May 2026 22:39:45 GMT
Etag: W/"11f-7ptY+IuAFsh5z2w+fANa6Q1i08s"
Nel: {"report_to":"heroku-nel","response_headers":["Via"],"max_age":3600,"success_fraction":0.01,"failure_fraction":0.1}
Report-To: {"group":"heroku-nel","endpoints":[{"url":"https://nel.heroku.com/reports?s=7GOooOAr0MmBBiklbOe%2F6wwa6SlCqRSLwd4YVT3D5z4%3D\u0026sid=812dcc77-0bd0-43b1-a5f1-b25750382959\u0026ts=1779143985"}],"max_age":3600}
Reporting-Endpoints: heroku-nel="https://nel.heroku.com/reports?s=7GOooOAr0MmBBiklbOe%2F6wwa6SlCqRSLwd4YVT3D5z4%3D&sid=812dcc77-0bd0-43b1-a5f1-b25750382959&ts=1779143985"
Server: Heroku
Set-Cookie: access_token=eyJhbGciOiJIUzI1NiIsInR5cCI6IkpXVCJ9.eyJpZCI6IjZhMGI5NTMxOWExMzMyMDAxNWZiYjMwZiIsImZpcnN0TmFtZSI6Ik1hcmdhcml0byIsImxhc3ROYW1lIjoiTGVmZmxlciIsImlhdCI6MTc3OTE0Mzk4NX0.FNUoAtA4zDn04uDli6CU-IA19hL49G61vLRNRMtBTXU; Path=/
Set-Cookie: userID=j%3A%226a0b95319a13320015fbb30f%22; Path=/
Set-Cookie: firstName=Margarito; Path=/
Via: 1.1 heroku-router
X-Powered-By: Express

{
    "access_token": "eyJhbGciOiJIUzI1NiIsInR5cCI6IkpXVCJ9.eyJpZCI6IjZhMGI5NTMxOWExMzMyMDAxNWZiYjMwZiIsImZpcnN0TmFtZSI6Ik1hcmdhcml0byIsImxhc3ROYW1lIjoiTGVmZmxlciIsImlhdCI6MTc3OTE0Mzk4NX0.FNUoAtA4zDn04uDli6CU-IA19hL49G61vLRNRMtBTXU",
    "userID": "6a0b95319a13320015fbb30f",
    "firstName": "Margarito"
}
]]></system-out>
    <system-err><![CDATA[May 19, 2026 1:39:41 AM org.openqa.selenium.devtools.CdpVersionFinder findNearestMatch
WARNING: Unable to find CDP implementation matching 148
May 19, 2026 1:39:41 AM org.openqa.selenium.chromium.ChromiumDriver lambda$new$4
WARNING: Unable to find version of CDP to use for 148.0.3967.70. You may need to include a dependency on a specific version of the CDP using something similar to `org.seleniumhq.selenium:selenium-devtools-v86:4.39.0` where the version ("v86") matches the version of the chromium-based browser you're using and the version number of the artifact is the same as Selenium's.
May 19, 2026 1:39:45 AM org.openqa.selenium.devtools.CdpVersionFinder findNearestMatch
WARNING: Unable to find CDP implementation matching 148
May 19, 2026 1:39:45 AM org.openqa.selenium.chromium.ChromiumDriver lambda$new$4
WARNING: Unable to find version of CDP to use for 148.0.3967.70. You may need to include a dependency on a specific version of the CDP using something similar to `org.seleniumhq.selenium:selenium-devtools-v86:4.39.0` where the version ("v86") matches the version of the chromium-based browser you're using and the version number of the artifact is the same as Selenium's.
]]></system-err>
  </testcase>
</testsuite>