<?xml version="1.0" encoding="UTF-8"?>
<!-- Generated by org.testng.reporters.JUnitReportReporter -->
<testsuite hostname="DESKTOP-DMG7OKT" failures="1" tests="6" name="com.SauceDemo.Swanglabs.TestCase.inventoryTest" time="62.454" errors="0" timestamp="2026-05-19T00:53:53 EEST" skipped="0">
  <testcase classname="com.SauceDemo.Swanglabs.TestCase.inventoryTest" name="verifyClickProductImageNavigatesToDetailPage" time="16.218">
    <failure message="ProductPageNotLoaded expected [true] but found [false]" type="java.lang.AssertionError">
      <![CDATA[java.lang.AssertionError: ProductPageNotLoaded expected [true] but found [false]
at org.testng.Assert.fail(Assert.java:111)
at org.testng.Assert.failNotEquals(Assert.java:1590)
at org.testng.Assert.assertTrue(Assert.java:57)
at com.SauceDemo.Swanglabs.TestCase.inventoryTest.verifyClickProductImageNavigatesToDetailPage(inventoryTest.java:51)
at java.base/jdk.internal.reflect.DirectMethodHandleAccessor.invoke(DirectMethodHandleAccessor.java:104)
at java.base/java.lang.reflect.Method.invoke(Method.java:565)
at org.testng.internal.invokers.MethodInvocationHelper.invokeMethod(MethodInvocationHelper.java:141)
at org.testng.internal.invokers.TestInvoker.invokeMethod(TestInvoker.java:687)
at org.testng.internal.invokers.TestInvoker.invokeTestMethod(TestInvoker.java:230)
at org.testng.internal.invokers.MethodRunner.runInSequence(MethodRunner.java:63)
at org.testng.internal.invokers.TestInvoker$MethodInvocationAgent.invoke(TestInvoker.java:995)
at org.testng.internal.invokers.TestInvoker.invokeTestMethods(TestInvoker.java:203)
at org.testng.internal.invokers.TestMethodWorker.invokeTestMethods(TestMethodWorker.java:154)
at org.testng.internal.invokers.TestMethodWorker.run(TestMethodWorker.java:134)
at java.base/java.util.concurrent.Executors$RunnableAdapter.call(Executors.java:545)
at java.base/java.util.concurrent.FutureTask.run(FutureTask.java:328)
at org.testng.internal.thread.graph.TestNGFutureTask.run(TestNGFutureTask.java:22)
at java.base/java.util.concurrent.ThreadPoolExecutor.runWorker(ThreadPoolExecutor.java:1090)
at java.base/java.util.concurrent.ThreadPoolExecutor$Worker.run(ThreadPoolExecutor.java:614)
at java.base/java.lang.Thread.run(Thread.java:1474)
]]>
    </failure>
  </testcase> <!-- verifyClickProductImageNavigatesToDetailPage -->
  <testcase classname="com.SauceDemo.Swanglabs.TestCase.inventoryTest" name="AddSpecificItemsToCart" time="1.595"/>
  <testcase classname="com.SauceDemo.Swanglabs.TestCase.inventoryTest" name="verifyBackFromDetailReturnsToInventory" time="6.694"/>
  <testcase classname="com.SauceDemo.Swanglabs.TestCase.inventoryTest" name="AddToCartSuccessfully" time="18.388"/>
  <testcase classname="com.SauceDemo.Swanglabs.TestCase.inventoryTest" name="verifyCartIconNavigatesToCartPage" time="6.695"/>
  <testcase classname="com.SauceDemo.Swanglabs.TestCase.inventoryTest" name="verifyClickProductNameNavigatesToDetailPage" time="12.864"/>
</testsuite> <!-- com.SauceDemo.Swanglabs.TestCase.inventoryTest -->
