<?xml version="1.0" encoding="UTF-8"?>
<!-- Generated by org.testng.reporters.JUnitReportReporter -->
<testsuite hostname="DESKTOP-DMG7OKT" failures="0" tests="6" name="com.SauceDemo.Swanglabs.TestCase.inventoryTest" time="35.044" errors="0" timestamp="2026-05-19T01:39:57 EEST" skipped="0">
  <testcase classname="com.SauceDemo.Swanglabs.TestCase.inventoryTest" name="AddSpecificItemsToCart" time="2.579"/>
  <testcase classname="com.SauceDemo.Swanglabs.TestCase.inventoryTest" name="verifyCartIconNavigatesToCartPage" time="4.092"/>
  <testcase classname="com.SauceDemo.Swanglabs.TestCase.inventoryTest" name="verifyBackFromDetailReturnsToInventory" time="6.207"/>
  <testcase classname="com.SauceDemo.Swanglabs.TestCase.inventoryTest" name="verifyClickProductNameNavigatesToDetailPage" time="12.013"/>
  <testcase classname="com.SauceDemo.Swanglabs.TestCase.inventoryTest" name="AddToCartSuccessfully" time="5.122"/>
  <testcase classname="com.SauceDemo.Swanglabs.TestCase.inventoryTest" name="verifyClickProductImageNavigatesToDetailPage" time="5.031"/>
</testsuite> <!-- com.SauceDemo.Swanglabs.TestCase.inventoryTest -->
