<?xml version="1.0" encoding="UTF-8"?>
<!-- Generated by org.testng.reporters.JUnitReportReporter -->
<testsuite hostname="DESKTOP-DMG7OKT" failures="0" tests="5" name="com.SauceDemo.Swanglabs.TestCase.CartTest" time="51.601" errors="0" timestamp="2026-05-19T01:39:57 EEST" skipped="0">
  <testcase classname="com.SauceDemo.Swanglabs.TestCase.CartTest" name="removeProductFromCartTestAndVerifyCartIsEmpty" time="13.770"/>
  <testcase classname="com.SauceDemo.Swanglabs.TestCase.CartTest" name="verifyMultipleProductsAddedToCartAsNumbers" time="8.080"/>
  <testcase classname="com.SauceDemo.Swanglabs.TestCase.CartTest" name="navigateToCheckoutTest" time="10.974"/>
  <testcase classname="com.SauceDemo.Swanglabs.TestCase.CartTest" name="verifyMultipleProductsAddedToCartByNames" time="7.689"/>
  <testcase classname="com.SauceDemo.Swanglabs.TestCase.CartTest" name="continueShoppingNavigationTest" time="11.088"/>
</testsuite> <!-- com.SauceDemo.Swanglabs.TestCase.CartTest -->
