<?xml version="1.0" encoding="UTF-8"?>
<!-- Generated by org.testng.reporters.JUnitReportReporter -->
<testsuite hostname="DESKTOP-DMG7OKT" failures="0" tests="5" name="com.SauceDemo.Swanglabs.TestCase.LoginTest" time="32.229" errors="0" timestamp="2026-05-19T00:53:53 EEST" skipped="0">
  <testcase classname="com.SauceDemo.Swanglabs.TestCase.LoginTest" name="loginTest" time="2.792"/>
  <testcase classname="com.SauceDemo.Swanglabs.TestCase.LoginTest" name="loginTest" time="3.822"/>
  <testcase classname="com.SauceDemo.Swanglabs.TestCase.LoginTest" name="loginTest" time="12.089"/>
  <testcase classname="com.SauceDemo.Swanglabs.TestCase.LoginTest" name="loginTest" time="8.579"/>
  <testcase classname="com.SauceDemo.Swanglabs.TestCase.LoginTest" name="loginTest" time="4.947"/>
</testsuite> <!-- com.SauceDemo.Swanglabs.TestCase.LoginTest -->
