<?xml version="1.0" encoding="UTF-8"?>
<!-- Generated by org.testng.reporters.JUnitReportReporter -->
<testsuite hostname="DESKTOP-DMG7OKT" failures="0" tests="5" name="com.SauceDemo.Swanglabs.TestCase.LoginTest" time="27.018" errors="0" timestamp="2026-05-19T01:39:57 EEST" skipped="0">
  <testcase classname="com.SauceDemo.Swanglabs.TestCase.LoginTest" name="loginTest" time="9.926"/>
  <testcase classname="com.SauceDemo.Swanglabs.TestCase.LoginTest" name="loginTest" time="4.088"/>
  <testcase classname="com.SauceDemo.Swanglabs.TestCase.LoginTest" name="loginTest" time="4.506"/>
  <testcase classname="com.SauceDemo.Swanglabs.TestCase.LoginTest" name="loginTest" time="2.441"/>
  <testcase classname="com.SauceDemo.Swanglabs.TestCase.LoginTest" name="loginTest" time="6.057"/>
</testsuite> <!-- com.SauceDemo.Swanglabs.TestCase.LoginTest -->
