<?xml version="1.0" encoding="UTF-8"?>
<!-- Generated by org.testng.reporters.JUnitReportReporter -->
<testsuite hostname="DESKTOP-DMG7OKT" failures="0" tests="2" name="com.SauceDemo.Swanglabs.TestCase.CheckoutTest" time="15.293" errors="0" timestamp="2026-05-19T01:39:57 EEST" skipped="0">
  <testcase classname="com.SauceDemo.Swanglabs.TestCase.CheckoutTest" name="successfulCheckoutFlow" time="9.682"/>
  <testcase classname="com.SauceDemo.Swanglabs.TestCase.CheckoutTest" name="checkoutMandatoryFieldsTest" time="5.611"/>
</testsuite> <!-- com.SauceDemo.Swanglabs.TestCase.CheckoutTest -->
